<?xml version="1.0" encoding="UTF-8"?>
<testng-results ignored="0" total="1" passed="1" failed="0" skipped="0">
  <reporter-output>
  </reporter-output>
  <suite started-at="2022-05-10T11:53:02 EDT" name="Surefire suite" finished-at="2022-05-10T11:53:08 EDT" duration-ms="5850">
    <groups>
      <group name="cucumber">
        <method signature="AbstractTestNGCucumberTests.runScenario(io.cucumber.testng.PickleWrapper, io.cucumber.testng.FeatureWrapper)[pri:0, instance:TestRunner@7bb58ca3]" name="runScenario" class="io.cucumber.testng.AbstractTestNGCucumberTests"/>
      </group> <!-- cucumber -->
    </groups>
    <test started-at="2022-05-10T11:53:02 EDT" name="Surefire test" finished-at="2022-05-10T11:53:08 EDT" duration-ms="5850">
      <class name="TestRunner">
        <test-method is-config="true" signature="setUpClass()[pri:0, instance:TestRunner@7bb58ca3]" started-at="2022-05-10T11:53:02 EDT" name="setUpClass" finished-at="2022-05-10T11:53:02 EDT" duration-ms="254" status="PASS">
          <reporter-output>
          </reporter-output>
        </test-method> <!-- setUpClass -->
        <test-method signature="runScenario(io.cucumber.testng.PickleWrapper, io.cucumber.testng.FeatureWrapper)[pri:0, instance:TestRunner@7bb58ca3]" started-at="2022-05-10T11:53:02 EDT" name="runScenario" description="Runs Cucumber Scenarios" data-provider="scenarios" finished-at="2022-05-10T11:53:08 EDT" duration-ms="5434" status="PASS">
          <params>
            <param index="0">
              <value>
                <![CDATA["User should be able to sign up with valid email address"]]>
              </value>
            </param>
            <param index="1">
              <value>
                <![CDATA["Optional[TalentTEK sign up feature test suite]"]]>
              </value>
            </param>
          </params>
          <reporter-output>
          </reporter-output>
        </test-method> <!-- runScenario -->
        <test-method is-config="true" signature="tearDownClass()[pri:0, instance:TestRunner@7bb58ca3]" started-at="2022-05-10T11:53:08 EDT" name="tearDownClass" finished-at="2022-05-10T11:53:08 EDT" duration-ms="135" status="PASS">
          <reporter-output>
          </reporter-output>
        </test-method> <!-- tearDownClass -->
      </class> <!-- TestRunner -->
    </test> <!-- Surefire test -->
  </suite> <!-- Surefire suite -->
</testng-results>
